2022-06-08 00:40:59,569 DEBUG [main] cache:45 - Couldn't find template in cache for "index.ftl"("en", UTF-8, parsed); will try to load it.
2022-06-08 00:40:59,576 DEBUG [main] cache:45 - TemplateLoader.findTemplateSource("index_en.ftl"): Not found
2022-06-08 00:40:59,584 DEBUG [main] cache:45 - TemplateLoader.findTemplateSource("index.ftl"): Found
2022-06-08 00:40:59,585 DEBUG [main] cache:45 - Loading template for "index.ftl"("en", UTF-8, parsed) from "jar:file:/C:/Users/PRANAY/.m2/repository/com/aventstack/extentreports/3.1.5/extentreports-3.1.5.jar!/com/aventstack/extentreports/view/html-report/index.ftl"
2022-06-08 00:41:00,020 DEBUG [main] cache:45 - Couldn't find template in cache for "head.ftl"("en", UTF-8, parsed); will try to load it.
2022-06-08 00:41:00,023 DEBUG [main] cache:45 - TemplateLoader.findTemplateSource("head_en.ftl"): Not found
2022-06-08 00:41:00,025 DEBUG [main] cache:45 - TemplateLoader.findTemplateSource("head.ftl"): Found
2022-06-08 00:41:00,028 DEBUG [main] cache:45 - Loading template for "head.ftl"("en", UTF-8, parsed) from "jar:file:/C:/Users/PRANAY/.m2/repository/com/aventstack/extentreports/3.1.5/extentreports-3.1.5.jar!/com/aventstack/extentreports/view/html-report/head.ftl"
2022-06-08 00:41:00,034 DEBUG [main] cache:45 - Couldn't find template in cache for "nav.ftl"("en", UTF-8, parsed); will try to load it.
2022-06-08 00:41:00,037 DEBUG [main] cache:45 - TemplateLoader.findTemplateSource("nav_en.ftl"): Not found
2022-06-08 00:41:00,043 DEBUG [main] cache:45 - TemplateLoader.findTemplateSource("nav.ftl"): Found
2022-06-08 00:41:00,066 DEBUG [main] cache:45 - Loading template for "nav.ftl"("en", UTF-8, parsed) from "jar:file:/C:/Users/PRANAY/.m2/repository/com/aventstack/extentreports/3.1.5/extentreports-3.1.5.jar!/com/aventstack/extentreports/view/html-report/nav.ftl"
2022-06-08 00:41:00,099 DEBUG [main] cache:45 - Couldn't find template in cache for "test-view/test-view.ftl"("en", UTF-8, parsed); will try to load it.
2022-06-08 00:41:00,103 DEBUG [main] cache:45 - TemplateLoader.findTemplateSource("test-view/test-view_en.ftl"): Not found
2022-06-08 00:41:00,104 DEBUG [main] cache:45 - TemplateLoader.findTemplateSource("test-view/test-view.ftl"): Found
2022-06-08 00:41:00,104 DEBUG [main] cache:45 - Loading template for "test-view/test-view.ftl"("en", UTF-8, parsed) from "jar:file:/C:/Users/PRANAY/.m2/repository/com/aventstack/extentreports/3.1.5/extentreports-3.1.5.jar!/com/aventstack/extentreports/view/html-report/test-view/test-view.ftl"
2022-06-08 00:41:00,157 DEBUG [main] cache:45 - Couldn't find template in cache for "test-view/standard.ftl"("en", UTF-8, parsed); will try to load it.
2022-06-08 00:41:00,159 DEBUG [main] cache:45 - TemplateLoader.findTemplateSource("test-view/standard_en.ftl"): Not found
2022-06-08 00:41:00,160 DEBUG [main] cache:45 - TemplateLoader.findTemplateSource("test-view/standard.ftl"): Found
2022-06-08 00:41:00,163 DEBUG [main] cache:45 - Loading template for "test-view/standard.ftl"("en", UTF-8, parsed) from "jar:file:/C:/Users/PRANAY/.m2/repository/com/aventstack/extentreports/3.1.5/extentreports-3.1.5.jar!/com/aventstack/extentreports/view/html-report/test-view/standard.ftl"
2022-06-08 00:41:00,200 DEBUG [main] cache:45 - "test-view/standard.ftl"("en", UTF-8, parsed) cached copy not yet stale; using cached.
2022-06-08 00:41:00,205 DEBUG [main] cache:45 - "test-view/standard.ftl"("en", UTF-8, parsed) cached copy not yet stale; using cached.
2022-06-08 00:41:00,208 DEBUG [main] cache:45 - Couldn't find template in cache for "test-view/test-view-charts.ftl"("en", UTF-8, parsed); will try to load it.
2022-06-08 00:41:00,210 DEBUG [main] cache:45 - TemplateLoader.findTemplateSource("test-view/test-view-charts_en.ftl"): Not found
2022-06-08 00:41:00,211 DEBUG [main] cache:45 - TemplateLoader.findTemplateSource("test-view/test-view-charts.ftl"): Found
2022-06-08 00:41:00,213 DEBUG [main] cache:45 - Loading template for "test-view/test-view-charts.ftl"("en", UTF-8, parsed) from "jar:file:/C:/Users/PRANAY/.m2/repository/com/aventstack/extentreports/3.1.5/extentreports-3.1.5.jar!/com/aventstack/extentreports/view/html-report/test-view/test-view-charts.ftl"
2022-06-08 00:41:00,228 DEBUG [main] cache:45 - Couldn't find template in cache for "category-view/category-view.ftl"("en", UTF-8, parsed); will try to load it.
2022-06-08 00:41:00,229 DEBUG [main] cache:45 - TemplateLoader.findTemplateSource("category-view/category-view_en.ftl"): Not found
2022-06-08 00:41:00,234 DEBUG [main] cache:45 - TemplateLoader.findTemplateSource("category-view/category-view.ftl"): Found
2022-06-08 00:41:00,235 DEBUG [main] cache:45 - Loading template for "category-view/category-view.ftl"("en", UTF-8, parsed) from "jar:file:/C:/Users/PRANAY/.m2/repository/com/aventstack/extentreports/3.1.5/extentreports-3.1.5.jar!/com/aventstack/extentreports/view/html-report/category-view/category-view.ftl"
2022-06-08 00:41:00,246 DEBUG [main] cache:45 - Couldn't find template in cache for "author-view/author-view.ftl"("en", UTF-8, parsed); will try to load it.
2022-06-08 00:41:00,248 DEBUG [main] cache:45 - TemplateLoader.findTemplateSource("author-view/author-view_en.ftl"): Not found
2022-06-08 00:41:00,249 DEBUG [main] cache:45 - TemplateLoader.findTemplateSource("author-view/author-view.ftl"): Found
2022-06-08 00:41:00,250 DEBUG [main] cache:45 - Loading template for "author-view/author-view.ftl"("en", UTF-8, parsed) from "jar:file:/C:/Users/PRANAY/.m2/repository/com/aventstack/extentreports/3.1.5/extentreports-3.1.5.jar!/com/aventstack/extentreports/view/html-report/author-view/author-view.ftl"
2022-06-08 00:41:00,258 DEBUG [main] cache:45 - Couldn't find template in cache for "exception-view/exception-view.ftl"("en", UTF-8, parsed); will try to load it.
2022-06-08 00:41:00,264 DEBUG [main] cache:45 - TemplateLoader.findTemplateSource("exception-view/exception-view_en.ftl"): Not found
2022-06-08 00:41:00,265 DEBUG [main] cache:45 - TemplateLoader.findTemplateSource("exception-view/exception-view.ftl"): Found
2022-06-08 00:41:00,265 DEBUG [main] cache:45 - Loading template for "exception-view/exception-view.ftl"("en", UTF-8, parsed) from "jar:file:/C:/Users/PRANAY/.m2/repository/com/aventstack/extentreports/3.1.5/extentreports-3.1.5.jar!/com/aventstack/extentreports/view/html-report/exception-view/exception-view.ftl"
2022-06-08 00:41:00,274 DEBUG [main] cache:45 - Couldn't find template in cache for "dashboard-view/dashboard-view.ftl"("en", UTF-8, parsed); will try to load it.
2022-06-08 00:41:00,277 DEBUG [main] cache:45 - TemplateLoader.findTemplateSource("dashboard-view/dashboard-view_en.ftl"): Not found
2022-06-08 00:41:00,278 DEBUG [main] cache:45 - TemplateLoader.findTemplateSource("dashboard-view/dashboard-view.ftl"): Found
2022-06-08 00:41:00,279 DEBUG [main] cache:45 - Loading template for "dashboard-view/dashboard-view.ftl"("en", UTF-8, parsed) from "jar:file:/C:/Users/PRANAY/.m2/repository/com/aventstack/extentreports/3.1.5/extentreports-3.1.5.jar!/com/aventstack/extentreports/view/html-report/dashboard-view/dashboard-view.ftl"
2022-06-08 00:41:00,297 DEBUG [main] cache:45 - Couldn't find template in cache for "logs-view/testrunner-logs-view.ftl"("en", UTF-8, parsed); will try to load it.
2022-06-08 00:41:00,311 DEBUG [main] cache:45 - TemplateLoader.findTemplateSource("logs-view/testrunner-logs-view_en.ftl"): Not found
2022-06-08 00:41:00,312 DEBUG [main] cache:45 - TemplateLoader.findTemplateSource("logs-view/testrunner-logs-view.ftl"): Found
2022-06-08 00:41:00,314 DEBUG [main] cache:45 - Loading template for "logs-view/testrunner-logs-view.ftl"("en", UTF-8, parsed) from "jar:file:/C:/Users/PRANAY/.m2/repository/com/aventstack/extentreports/3.1.5/extentreports-3.1.5.jar!/com/aventstack/extentreports/view/html-report/logs-view/testrunner-logs-view.ftl"
